# JRE version: Java(TM) SE Runtime Environment (8.0_92-b14) (build 1.8.0_92-b14)
# Java VM: Java HotSpot(TM) Client VM (25.92-b14 mixed mode windows-x86 )
Heap:
 def new generation   total 39424K, used 33564K [0x04800000, 0x072c0000, 0x0f2a0000)
  eden space 35072K,  92% used [0x04800000, 0x067ca570, 0x06a40000)
  from space 4352K,  23% used [0x06e80000, 0x06f7cae8, 0x072c0000)
  to   space 4352K,   0% used [0x06a40000, 0x06a40000, 0x06e80000)
 tenured generation   total 87424K, used 49698K [0x0f2a0000, 0x14800000, 0x24800000)
   the space 87424K,  56% used [0x0f2a0000, 0x12328a28, 0x12328c00, 0x14800000)
 Metaspace       used 18850K, capacity 19308K, committed 19456K, reserved 19840K
GC Heap History (10 events):
Event: 4358.266 GC heap before
{Heap before GC invocations=143 (full 2):
 def new generation   total 39424K, used 35073K [0x04800000, 0x072c0000, 0x0f2a0000)
  eden space 35072K, 100% used [0x04800000, 0x06a40000, 0x06a40000)
  from space 4352K,   0% used [0x06a40000, 0x06a40490, 0x06e80000)
  to   space 4352K,   0% used [0x06e80000, 0x06e80000, 0x072c0000)
 tenured generation   total 87424K, used 47255K [0x0f2a0000, 0x14800000, 0x24800000)
   the space 87424K,  54% used [0x0f2a0000, 0x120c5c20, 0x120c5e00, 0x14800000)
 Metaspace       used 18850K, capacity 19308K, committed 19456K, reserved 19840K
Event: 4358.267 GC heap after
Heap after GC invocations=144 (full 2):
 def new generation   total 39424K, used 1K [0x04800000, 0x072c0000, 0x0f2a0000)
  eden space 35072K,   0% used [0x04800000, 0x04800000, 0x06a40000)
  from space 4352K,   0% used [0x06e80000, 0x06e80490, 0x072c0000)
  to   space 4352K,   0% used [0x06a40000, 0x06a40000, 0x06e80000)
 tenured generation   total 87424K, used 47255K [0x0f2a0000, 0x14800000, 0x24800000)
   the space 87424K,  54% used [0x0f2a0000, 0x120c5c20, 0x120c5e00, 0x14800000)
 Metaspace       used 18850K, capacity 19308K, committed 19456K, reserved 19840K
}
Event: 4374.958 GC heap before
{Heap before GC invocations=144 (full 2):
 def new generation   total 39424K, used 35073K [0x04800000, 0x072c0000, 0x0f2a0000)
  eden space 35072K, 100% used [0x04800000, 0x06a40000, 0x06a40000)
  from space 4352K,   0% used [0x06e80000, 0x06e80490, 0x072c0000)
  to   space 4352K,   0% used [0x06a40000, 0x06a40000, 0x06e80000)
 tenured generation   total 87424K, used 47255K [0x0f2a0000, 0x14800000, 0x24800000)
   the space 87424K,  54% used [0x0f2a0000, 0x120c5c20, 0x120c5e00, 0x14800000)
 Metaspace       used 18850K, capacity 19308K, committed 19456K, reserved 19840K
Event: 4374.960 GC heap after
Heap after GC invocations=145 (full 2):
 def new generation   total 39424K, used 125K [0x04800000, 0x072c0000, 0x0f2a0000)
  eden space 35072K,   0% used [0x04800000, 0x04800000, 0x06a40000)
  from space 4352K,   2% used [0x06a40000, 0x06a5f7a8, 0x06e80000)
  to   space 4352K,   0% used [0x06e80000, 0x06e80000, 0x072c0000)
 tenured generation   total 87424K, used 47255K [0x0f2a0000, 0x14800000, 0x24800000)
   the space 87424K,  54% used [0x0f2a0000, 0x120c5c20, 0x120c5e00, 0x14800000)
 Metaspace       used 18850K, capacity 19308K, committed 19456K, reserved 19840K
}
Event: 4491.047 GC heap before
{Heap before GC invocations=145 (full 2):
 def new generation   total 39424K, used 35197K [0x04800000, 0x072c0000, 0x0f2a0000)
  eden space 35072K, 100% used [0x04800000, 0x06a40000, 0x06a40000)
  from space 4352K,   2% used [0x06a40000, 0x06a5f7a8, 0x06e80000)
  to   space 4352K,   0% used [0x06e80000, 0x06e80000, 0x072c0000)
 tenured generation   total 87424K, used 47255K [0x0f2a0000, 0x14800000, 0x24800000)
   the space 87424K,  54% used [0x0f2a0000, 0x120c5c20, 0x120c5e00, 0x14800000)
 Metaspace       used 18850K, capacity 19308K, committed 19456K, reserved 19840K
Event: 4491.050 GC heap after
Heap after GC invocations=146 (full 2):
 def new generation   total 39424K, used 2606K [0x04800000, 0x072c0000, 0x0f2a0000)
  eden space 35072K,   0% used [0x04800000, 0x04800000, 0x06a40000)
  from space 4352K,  59% used [0x06e80000, 0x0710bb70, 0x072c0000)
  to   space 4352K,   0% used [0x06a40000, 0x06a40000, 0x06e80000)
 tenured generation   total 87424K, used 47255K [0x0f2a0000, 0x14800000, 0x24800000)
   the space 87424K,  54% used [0x0f2a0000, 0x120c5c20, 0x120c5e00, 0x14800000)
 Metaspace       used 18850K, capacity 19308K, committed 19456K, reserved 19840K
}
Event: 4649.639 GC heap before
{Heap before GC invocations=146 (full 2):
 def new generation   total 39424K, used 37678K [0x04800000, 0x072c0000, 0x0f2a0000)
  eden space 35072K, 100% used [0x04800000, 0x06a40000, 0x06a40000)
  from space 4352K,  59% used [0x06e80000, 0x0710bb70, 0x072c0000)
  to   space 4352K,   0% used [0x06a40000, 0x06a40000, 0x06e80000)
 tenured generation   total 87424K, used 47255K [0x0f2a0000, 0x14800000, 0x24800000)
   the space 87424K,  54% used [0x0f2a0000, 0x120c5c20, 0x120c5e00, 0x14800000)
 Metaspace       used 18850K, capacity 19308K, committed 19456K, reserved 19840K
Event: 4649.646 GC heap after
Heap after GC invocations=147 (full 2):
 def new generation   total 39424K, used 634K [0x04800000, 0x072c0000, 0x0f2a0000)
  eden space 35072K,   0% used [0x04800000, 0x04800000, 0x06a40000)
  from space 4352K,  14% used [0x06a40000, 0x06adea48, 0x06e80000)
  to   space 4352K,   0% used [0x06e80000, 0x06e80000, 0x072c0000)
 tenured generation   total 87424K, used 49698K [0x0f2a0000, 0x14800000, 0x24800000)
   the space 87424K,  56% used [0x0f2a0000, 0x12328a28, 0x12328c00, 0x14800000)
 Metaspace       used 18850K, capacity 19308K, committed 19456K, reserved 19840K
}
Event: 4807.538 GC heap before
{Heap before GC invocations=147 (full 2):
 def new generation   total 39424K, used 35706K [0x04800000, 0x072c0000, 0x0f2a0000)
  eden space 35072K, 100% used [0x04800000, 0x06a40000, 0x06a40000)
  from space 4352K,  14% used [0x06a40000, 0x06adea48, 0x06e80000)
  to   space 4352K,   0% used [0x06e80000, 0x06e80000, 0x072c0000)
 tenured generation   total 87424K, used 49698K [0x0f2a0000, 0x14800000, 0x24800000)
   the space 87424K,  56% used [0x0f2a0000, 0x12328a28, 0x12328c00, 0x14800000)
 Metaspace       used 18850K, capacity 19308K, committed 19456K, reserved 19840K
Event: 4807.540 GC heap after
Heap after GC invocations=148 (full 2):
 def new generation   total 39424K, used 1010K [0x04800000, 0x072c0000, 0x0f2a0000)
  eden space 35072K,   0% used [0x04800000, 0x04800000, 0x06a40000)
  from space 4352K,  23% used [0x06e80000, 0x06f7cae8, 0x072c0000)
  to   space 4352K,   0% used [0x06a40000, 0x06a40000, 0x06e80000)
 tenured generation   total 87424K, used 49698K [0x0f2a0000, 0x14800000, 0x24800000)
   the space 87424K,  56% used [0x0f2a0000, 0x12328a28, 0x12328c00, 0x14800000)
 Metaspace       used 18850K, capacity 19308K, committed 19456K, reserved 19840K
}

