# JRE version: Java(TM) SE Runtime Environment (8.0_92-b14) (build 1.8.0_92-b14)
# Java VM: Java HotSpot(TM) Client VM (25.92-b14 mixed mode windows-x86 )
Heap:
 def new generation   total 39424K, used 25496K [0x05200000, 0x07cc0000, 0x0fca0000)
  eden space 35072K,  61% used [0x05200000, 0x0670de30, 0x07440000)
  from space 4352K,  90% used [0x07440000, 0x07818360, 0x07880000)
  to   space 4352K,   0% used [0x07880000, 0x07880000, 0x07cc0000)
 tenured generation   total 87424K, used 24152K [0x0fca0000, 0x15200000, 0x25200000)
   the space 87424K,  27% used [0x0fca0000, 0x114363e8, 0x11436400, 0x15200000)
 Metaspace       used 18298K, capacity 18743K, committed 18816K, reserved 18816K
GC Heap History (10 events):
Event: 0.973 GC heap before
{Heap before GC invocations=0 (full 0):
 def new generation   total 39296K, used 34944K [0x05200000, 0x07ca0000, 0x0fca0000)
  eden space 34944K, 100% used [0x05200000, 0x07420000, 0x07420000)
  from space 4352K,   0% used [0x07420000, 0x07420000, 0x07860000)
  to   space 4352K,   0% used [0x07860000, 0x07860000, 0x07ca0000)
 tenured generation   total 87424K, used 0K [0x0fca0000, 0x15200000, 0x25200000)
   the space 87424K,   0% used [0x0fca0000, 0x0fca0000, 0x0fca0200, 0x15200000)
 Metaspace       used 9873K, capacity 10060K, committed 10112K, reserved 10624K
Event: 0.984 GC heap after
Heap after GC invocations=1 (full 0):
 def new generation   total 39296K, used 4352K [0x05200000, 0x07ca0000, 0x0fca0000)
  eden space 34944K,   0% used [0x05200000, 0x05200000, 0x07420000)
  from space 4352K, 100% used [0x07860000, 0x07ca0000, 0x07ca0000)
  to   space 4352K,   0% used [0x07420000, 0x07420000, 0x07860000)
 tenured generation   total 87424K, used 2492K [0x0fca0000, 0x15200000, 0x25200000)
   the space 87424K,   2% used [0x0fca0000, 0x0ff0f1c8, 0x0ff0f200, 0x15200000)
 Metaspace       used 9873K, capacity 10060K, committed 10112K, reserved 10624K
}
Event: 1.699 GC heap before
{Heap before GC invocations=1 (full 0):
 def new generation   total 39296K, used 39296K [0x05200000, 0x07ca0000, 0x0fca0000)
  eden space 34944K, 100% used [0x05200000, 0x07420000, 0x07420000)
  from space 4352K, 100% used [0x07860000, 0x07ca0000, 0x07ca0000)
  to   space 4352K,   0% used [0x07420000, 0x07420000, 0x07860000)
 tenured generation   total 87424K, used 2492K [0x0fca0000, 0x15200000, 0x25200000)
   the space 87424K,   2% used [0x0fca0000, 0x0ff0f1c8, 0x0ff0f200, 0x15200000)
 Metaspace       used 11235K, capacity 11577K, committed 11648K, reserved 11648K
Event: 1.720 GC heap after
Heap after GC invocations=2 (full 0):
 def new generation   total 39296K, used 4352K [0x05200000, 0x07ca0000, 0x0fca0000)
  eden space 34944K,   0% used [0x05200000, 0x05200000, 0x07420000)
  from space 4352K, 100% used [0x07420000, 0x07860000, 0x07860000)
  to   space 4352K,   0% used [0x07860000, 0x07860000, 0x07ca0000)
 tenured generation   total 87424K, used 7316K [0x0fca0000, 0x15200000, 0x25200000)
   the space 87424K,   8% used [0x0fca0000, 0x103c50a0, 0x103c5200, 0x15200000)
 Metaspace       used 11235K, capacity 11577K, committed 11648K, reserved 11648K
}
Event: 1.968 GC heap before
{Heap before GC invocations=2 (full 0):
 def new generation   total 39296K, used 15074K [0x05200000, 0x07ca0000, 0x0fca0000)
  eden space 34944K,  30% used [0x05200000, 0x05c789d8, 0x07420000)
  from space 4352K, 100% used [0x07420000, 0x07860000, 0x07860000)
  to   space 4352K,   0% used [0x07860000, 0x07860000, 0x07ca0000)
 tenured generation   total 87424K, used 7316K [0x0fca0000, 0x15200000, 0x25200000)
   the space 87424K,   8% used [0x0fca0000, 0x103c50a0, 0x103c5200, 0x15200000)
 Metaspace       used 11927K, capacity 12259K, committed 12288K, reserved 12672K
Event: 1.997 GC heap after
Heap after GC invocations=3 (full 1):
 def new generation   total 39424K, used 0K [0x05200000, 0x07cc0000, 0x0fca0000)
  eden space 35072K,   0% used [0x05200000, 0x05200000, 0x07440000)
  from space 4352K,   0% used [0x07440000, 0x07440000, 0x07880000)
  to   space 4352K,   0% used [0x07880000, 0x07880000, 0x07cc0000)
 tenured generation   total 87424K, used 12457K [0x0fca0000, 0x15200000, 0x25200000)
   the space 87424K,  14% used [0x0fca0000, 0x108ca5d8, 0x108ca600, 0x15200000)
 Metaspace       used 11927K, capacity 12259K, committed 12288K, reserved 12672K
}
Event: 3.219 GC heap before
{Heap before GC invocations=3 (full 1):
 def new generation   total 39424K, used 35072K [0x05200000, 0x07cc0000, 0x0fca0000)
  eden space 35072K, 100% used [0x05200000, 0x07440000, 0x07440000)
  from space 4352K,   0% used [0x07440000, 0x07440000, 0x07880000)
  to   space 4352K,   0% used [0x07880000, 0x07880000, 0x07cc0000)
 tenured generation   total 87424K, used 12457K [0x0fca0000, 0x15200000, 0x25200000)
   the space 87424K,  14% used [0x0fca0000, 0x108ca5d8, 0x108ca600, 0x15200000)
 Metaspace       used 15809K, capacity 16191K, committed 16256K, reserved 16768K
Event: 3.229 GC heap after
Heap after GC invocations=4 (full 1):
 def new generation   total 39424K, used 4352K [0x05200000, 0x07cc0000, 0x0fca0000)
  eden space 35072K,   0% used [0x05200000, 0x05200000, 0x07440000)
  from space 4352K, 100% used [0x07880000, 0x07cc0000, 0x07cc0000)
  to   space 4352K,   0% used [0x07440000, 0x07440000, 0x07880000)
 tenured generation   total 87424K, used 13817K [0x0fca0000, 0x15200000, 0x25200000)
   the space 87424K,  15% used [0x0fca0000, 0x10a1e7d8, 0x10a1e800, 0x15200000)
 Metaspace       used 15809K, capacity 16191K, committed 16256K, reserved 16768K
}
Event: 64.246 GC heap before
{Heap before GC invocations=4 (full 1):
 def new generation   total 39424K, used 39424K [0x05200000, 0x07cc0000, 0x0fca0000)
  eden space 35072K, 100% used [0x05200000, 0x07440000, 0x07440000)
  from space 4352K, 100% used [0x07880000, 0x07cc0000, 0x07cc0000)
  to   space 4352K,   0% used [0x07440000, 0x07440000, 0x07880000)
 tenured generation   total 87424K, used 13817K [0x0fca0000, 0x15200000, 0x25200000)
   the space 87424K,  15% used [0x0fca0000, 0x10a1e7d8, 0x10a1e800, 0x15200000)
 Metaspace       used 17890K, capacity 18327K, committed 18432K, reserved 18816K
Event: 64.261 GC heap after
Heap after GC invocations=5 (full 1):
 def new generation   total 39424K, used 3936K [0x05200000, 0x07cc0000, 0x0fca0000)
  eden space 35072K,   0% used [0x05200000, 0x05200000, 0x07440000)
  from space 4352K,  90% used [0x07440000, 0x07818360, 0x07880000)
  to   space 4352K,   0% used [0x07880000, 0x07880000, 0x07cc0000)
 tenured generation   total 87424K, used 24152K [0x0fca0000, 0x15200000, 0x25200000)
   the space 87424K,  27% used [0x0fca0000, 0x114363e8, 0x11436400, 0x15200000)
 Metaspace       used 17890K, capacity 18327K, committed 18432K, reserved 18816K
}

