# JRE version: Java(TM) SE Runtime Environment (8.0_92-b14) (build 1.8.0_92-b14)
# Java VM: Java HotSpot(TM) Client VM (25.92-b14 mixed mode windows-x86 )
Heap:
 def new generation   total 39424K, used 13765K [0x05200000, 0x07cc0000, 0x0fca0000)
  eden space 35072K,  39% used [0x05200000, 0x05f675d0, 0x07440000)
  from space 4352K,   0% used [0x07880000, 0x0788a120, 0x07cc0000)
  to   space 4352K,   0% used [0x07440000, 0x07440000, 0x07880000)
 tenured generation   total 87424K, used 43809K [0x0fca0000, 0x15200000, 0x25200000)
   the space 87424K,  50% used [0x0fca0000, 0x12768510, 0x12768600, 0x15200000)
 Metaspace       used 18897K, capacity 19366K, committed 19456K, reserved 19840K
GC Heap History (10 events):
Event: 138.795 GC heap before
{Heap before GC invocations=5 (full 1):
 def new generation   total 39424K, used 38750K [0x05200000, 0x07cc0000, 0x0fca0000)
  eden space 35072K, 100% used [0x05200000, 0x07440000, 0x07440000)
  from space 4352K,  84% used [0x07440000, 0x077d7b70, 0x07880000)
  to   space 4352K,   0% used [0x07880000, 0x07880000, 0x07cc0000)
 tenured generation   total 87424K, used 20377K [0x0fca0000, 0x15200000, 0x25200000)
   the space 87424K,  23% used [0x0fca0000, 0x110864e8, 0x11086600, 0x15200000)
 Metaspace       used 18401K, capacity 18844K, committed 18944K, reserved 19840K
Event: 138.805 GC heap after
Heap after GC invocations=6 (full 1):
 def new generation   total 39424K, used 1711K [0x05200000, 0x07cc0000, 0x0fca0000)
  eden space 35072K,   0% used [0x05200000, 0x05200000, 0x07440000)
  from space 4352K,  39% used [0x07880000, 0x07a2bd80, 0x07cc0000)
  to   space 4352K,   0% used [0x07440000, 0x07440000, 0x07880000)
 tenured generation   total 87424K, used 22710K [0x0fca0000, 0x15200000, 0x25200000)
   the space 87424K,  25% used [0x0fca0000, 0x112cdb68, 0x112cdc00, 0x15200000)
 Metaspace       used 18401K, capacity 18844K, committed 18944K, reserved 19840K
}
Event: 213.954 GC heap before
{Heap before GC invocations=6 (full 1):
 def new generation   total 39424K, used 34102K [0x05200000, 0x07cc0000, 0x0fca0000)
  eden space 35072K,  92% used [0x05200000, 0x071a1aa0, 0x07440000)
  from space 4352K,  39% used [0x07880000, 0x07a2bd80, 0x07cc0000)
  to   space 4352K,   0% used [0x07440000, 0x07440000, 0x07880000)
 tenured generation   total 87424K, used 22710K [0x0fca0000, 0x15200000, 0x25200000)
   the space 87424K,  25% used [0x0fca0000, 0x112cdb68, 0x112cdc00, 0x15200000)
 Metaspace       used 18894K, capacity 19361K, committed 19456K, reserved 19840K
Event: 213.965 GC heap after
Heap after GC invocations=7 (full 1):
 def new generation   total 39424K, used 4352K [0x05200000, 0x07cc0000, 0x0fca0000)
  eden space 35072K,   0% used [0x05200000, 0x05200000, 0x07440000)
  from space 4352K, 100% used [0x07440000, 0x07880000, 0x07880000)
  to   space 4352K,   0% used [0x07880000, 0x07880000, 0x07cc0000)
 tenured generation   total 87424K, used 25822K [0x0fca0000, 0x15200000, 0x25200000)
   the space 87424K,  29% used [0x0fca0000, 0x115d78a0, 0x115d7a00, 0x15200000)
 Metaspace       used 18894K, capacity 19361K, committed 19456K, reserved 19840K
}
Event: 520.683 GC heap before
{Heap before GC invocations=7 (full 1):
 def new generation   total 39424K, used 39424K [0x05200000, 0x07cc0000, 0x0fca0000)
  eden space 35072K, 100% used [0x05200000, 0x07440000, 0x07440000)
  from space 4352K, 100% used [0x07440000, 0x07880000, 0x07880000)
  to   space 4352K,   0% used [0x07880000, 0x07880000, 0x07cc0000)
 tenured generation   total 87424K, used 25822K [0x0fca0000, 0x15200000, 0x25200000)
   the space 87424K,  29% used [0x0fca0000, 0x115d78a0, 0x115d7a00, 0x15200000)
 Metaspace       used 18894K, capacity 19361K, committed 19456K, reserved 19840K
Event: 520.701 GC heap after
Heap after GC invocations=8 (full 1):
 def new generation   total 39424K, used 4352K [0x05200000, 0x07cc0000, 0x0fca0000)
  eden space 35072K,   0% used [0x05200000, 0x05200000, 0x07440000)
  from space 4352K, 100% used [0x07880000, 0x07cc0000, 0x07cc0000)
  to   space 4352K,   0% used [0x07440000, 0x07440000, 0x07880000)
 tenured generation   total 87424K, used 34149K [0x0fca0000, 0x15200000, 0x25200000)
   the space 87424K,  39% used [0x0fca0000, 0x11df9468, 0x11df9600, 0x15200000)
 Metaspace       used 18894K, capacity 19361K, committed 19456K, reserved 19840K
}
Event: 671.971 GC heap before
{Heap before GC invocations=8 (full 1):
 def new generation   total 39424K, used 39424K [0x05200000, 0x07cc0000, 0x0fca0000)
  eden space 35072K, 100% used [0x05200000, 0x07440000, 0x07440000)
  from space 4352K, 100% used [0x07880000, 0x07cc0000, 0x07cc0000)
  to   space 4352K,   0% used [0x07440000, 0x07440000, 0x07880000)
 tenured generation   total 87424K, used 34149K [0x0fca0000, 0x15200000, 0x25200000)
   the space 87424K,  39% used [0x0fca0000, 0x11df9468, 0x11df9600, 0x15200000)
 Metaspace       used 18897K, capacity 19366K, committed 19456K, reserved 19840K
Event: 671.983 GC heap after
Heap after GC invocations=9 (full 1):
 def new generation   total 39424K, used 2808K [0x05200000, 0x07cc0000, 0x0fca0000)
  eden space 35072K,   0% used [0x05200000, 0x05200000, 0x07440000)
  from space 4352K,  64% used [0x07440000, 0x076fe0a0, 0x07880000)
  to   space 4352K,   0% used [0x07880000, 0x07880000, 0x07cc0000)
 tenured generation   total 87424K, used 41107K [0x0fca0000, 0x15200000, 0x25200000)
   the space 87424K,  47% used [0x0fca0000, 0x124c4dd8, 0x124c4e00, 0x15200000)
 Metaspace       used 18897K, capacity 19366K, committed 19456K, reserved 19840K
}
Event: 1121.681 GC heap before
{Heap before GC invocations=9 (full 1):
 def new generation   total 39424K, used 37880K [0x05200000, 0x07cc0000, 0x0fca0000)
  eden space 35072K, 100% used [0x05200000, 0x07440000, 0x07440000)
  from space 4352K,  64% used [0x07440000, 0x076fe0a0, 0x07880000)
  to   space 4352K,   0% used [0x07880000, 0x07880000, 0x07cc0000)
 tenured generation   total 87424K, used 41107K [0x0fca0000, 0x15200000, 0x25200000)
   the space 87424K,  47% used [0x0fca0000, 0x124c4dd8, 0x124c4e00, 0x15200000)
 Metaspace       used 18897K, capacity 19366K, committed 19456K, reserved 19840K
Event: 1121.686 GC heap after
Heap after GC invocations=10 (full 1):
 def new generation   total 39424K, used 40K [0x05200000, 0x07cc0000, 0x0fca0000)
  eden space 35072K,   0% used [0x05200000, 0x05200000, 0x07440000)
  from space 4352K,   0% used [0x07880000, 0x0788a120, 0x07cc0000)
  to   space 4352K,   0% used [0x07440000, 0x07440000, 0x07880000)
 tenured generation   total 87424K, used 43809K [0x0fca0000, 0x15200000, 0x25200000)
   the space 87424K,  50% used [0x0fca0000, 0x12768510, 0x12768600, 0x15200000)
 Metaspace       used 18897K, capacity 19366K, committed 19456K, reserved 19840K
}

