# JRE version: Java(TM) SE Runtime Environment (8.0_92-b14) (build 1.8.0_92-b14)
# Java VM: Java HotSpot(TM) Client VM (25.92-b14 mixed mode windows-x86 )
Heap:
 def new generation   total 39424K, used 19769K [0x04a00000, 0x074c0000, 0x0f4a0000)
  eden space 35072K,  47% used [0x04a00000, 0x05a49310, 0x06c40000)
  from space 4352K,  71% used [0x06c40000, 0x06f452a0, 0x07080000)
  to   space 4352K,   0% used [0x07080000, 0x07080000, 0x074c0000)
 tenured generation   total 87424K, used 51159K [0x0f4a0000, 0x14a00000, 0x24a00000)
   the space 87424K,  58% used [0x0f4a0000, 0x12695ea8, 0x12696000, 0x14a00000)
 Metaspace       used 18879K, capacity 19374K, committed 19456K, reserved 19840K
GC Heap History (10 events):
Event: 1800.488 GC heap before
{Heap before GC invocations=10 (full 1):
 def new generation   total 39424K, used 35360K [0x04a00000, 0x074c0000, 0x0f4a0000)
  eden space 35072K, 100% used [0x04a00000, 0x06c40000, 0x06c40000)
  from space 4352K,   6% used [0x07080000, 0x070c8270, 0x074c0000)
  to   space 4352K,   0% used [0x06c40000, 0x06c40000, 0x07080000)
 tenured generation   total 87424K, used 34276K [0x0f4a0000, 0x14a00000, 0x24a00000)
   the space 87424K,  39% used [0x0f4a0000, 0x11619058, 0x11619200, 0x14a00000)
 Metaspace       used 18875K, capacity 19366K, committed 19456K, reserved 19840K
Event: 1800.500 GC heap after
Heap after GC invocations=11 (full 1):
 def new generation   total 39424K, used 4352K [0x04a00000, 0x074c0000, 0x0f4a0000)
  eden space 35072K,   0% used [0x04a00000, 0x04a00000, 0x06c40000)
  from space 4352K, 100% used [0x06c40000, 0x07080000, 0x07080000)
  to   space 4352K,   0% used [0x07080000, 0x07080000, 0x074c0000)
 tenured generation   total 87424K, used 37825K [0x0f4a0000, 0x14a00000, 0x24a00000)
   the space 87424K,  43% used [0x0f4a0000, 0x11990538, 0x11990600, 0x14a00000)
 Metaspace       used 18875K, capacity 19366K, committed 19456K, reserved 19840K
}
Event: 2084.218 GC heap before
{Heap before GC invocations=11 (full 1):
 def new generation   total 39424K, used 39424K [0x04a00000, 0x074c0000, 0x0f4a0000)
  eden space 35072K, 100% used [0x04a00000, 0x06c40000, 0x06c40000)
  from space 4352K, 100% used [0x06c40000, 0x07080000, 0x07080000)
  to   space 4352K,   0% used [0x07080000, 0x07080000, 0x074c0000)
 tenured generation   total 87424K, used 37825K [0x0f4a0000, 0x14a00000, 0x24a00000)
   the space 87424K,  43% used [0x0f4a0000, 0x11990538, 0x11990600, 0x14a00000)
 Metaspace       used 18875K, capacity 19366K, committed 19456K, reserved 19840K
Event: 2084.224 GC heap after
Heap after GC invocations=12 (full 1):
 def new generation   total 39424K, used 4352K [0x04a00000, 0x074c0000, 0x0f4a0000)
  eden space 35072K,   0% used [0x04a00000, 0x04a00000, 0x06c40000)
  from space 4352K, 100% used [0x07080000, 0x074c0000, 0x074c0000)
  to   space 4352K,   0% used [0x06c40000, 0x06c40000, 0x07080000)
 tenured generation   total 87424K, used 42822K [0x0f4a0000, 0x14a00000, 0x24a00000)
   the space 87424K,  48% used [0x0f4a0000, 0x11e718a0, 0x11e71a00, 0x14a00000)
 Metaspace       used 18875K, capacity 19366K, committed 19456K, reserved 19840K
}
Event: 2215.827 GC heap before
{Heap before GC invocations=12 (full 1):
 def new generation   total 39424K, used 39424K [0x04a00000, 0x074c0000, 0x0f4a0000)
  eden space 35072K, 100% used [0x04a00000, 0x06c40000, 0x06c40000)
  from space 4352K, 100% used [0x07080000, 0x074c0000, 0x074c0000)
  to   space 4352K,   0% used [0x06c40000, 0x06c40000, 0x07080000)
 tenured generation   total 87424K, used 42822K [0x0f4a0000, 0x14a00000, 0x24a00000)
   the space 87424K,  48% used [0x0f4a0000, 0x11e718a0, 0x11e71a00, 0x14a00000)
 Metaspace       used 18875K, capacity 19366K, committed 19456K, reserved 19840K
Event: 2215.862 GC heap after
Heap after GC invocations=13 (full 1):
 def new generation   total 39424K, used 1185K [0x04a00000, 0x074c0000, 0x0f4a0000)
  eden space 35072K,   0% used [0x04a00000, 0x04a00000, 0x06c40000)
  from space 4352K,  27% used [0x06c40000, 0x06d68770, 0x07080000)
  to   space 4352K,   0% used [0x07080000, 0x07080000, 0x074c0000)
 tenured generation   total 87424K, used 51159K [0x0f4a0000, 0x14a00000, 0x24a00000)
   the space 87424K,  58% used [0x0f4a0000, 0x12695ea8, 0x12696000, 0x14a00000)
 Metaspace       used 18875K, capacity 19366K, committed 19456K, reserved 19840K
}
Event: 2345.973 GC heap before
{Heap before GC invocations=13 (full 1):
 def new generation   total 39424K, used 36257K [0x04a00000, 0x074c0000, 0x0f4a0000)
  eden space 35072K, 100% used [0x04a00000, 0x06c40000, 0x06c40000)
  from space 4352K,  27% used [0x06c40000, 0x06d68770, 0x07080000)
  to   space 4352K,   0% used [0x07080000, 0x07080000, 0x074c0000)
 tenured generation   total 87424K, used 51159K [0x0f4a0000, 0x14a00000, 0x24a00000)
   the space 87424K,  58% used [0x0f4a0000, 0x12695ea8, 0x12696000, 0x14a00000)
 Metaspace       used 18875K, capacity 19366K, committed 19456K, reserved 19840K
Event: 2345.976 GC heap after
Heap after GC invocations=14 (full 1):
 def new generation   total 39424K, used 630K [0x04a00000, 0x074c0000, 0x0f4a0000)
  eden space 35072K,   0% used [0x04a00000, 0x04a00000, 0x06c40000)
  from space 4352K,  14% used [0x07080000, 0x0711d840, 0x074c0000)
  to   space 4352K,   0% used [0x06c40000, 0x06c40000, 0x07080000)
 tenured generation   total 87424K, used 51159K [0x0f4a0000, 0x14a00000, 0x24a00000)
   the space 87424K,  58% used [0x0f4a0000, 0x12695ea8, 0x12696000, 0x14a00000)
 Metaspace       used 18875K, capacity 19366K, committed 19456K, reserved 19840K
}
Event: 2646.712 GC heap before
{Heap before GC invocations=14 (full 1):
 def new generation   total 39424K, used 35702K [0x04a00000, 0x074c0000, 0x0f4a0000)
  eden space 35072K, 100% used [0x04a00000, 0x06c40000, 0x06c40000)
  from space 4352K,  14% used [0x07080000, 0x0711d840, 0x074c0000)
  to   space 4352K,   0% used [0x06c40000, 0x06c40000, 0x07080000)
 tenured generation   total 87424K, used 51159K [0x0f4a0000, 0x14a00000, 0x24a00000)
   the space 87424K,  58% used [0x0f4a0000, 0x12695ea8, 0x12696000, 0x14a00000)
 Metaspace       used 18878K, capacity 19374K, committed 19456K, reserved 19840K
Event: 2646.716 GC heap after
Heap after GC invocations=15 (full 1):
 def new generation   total 39424K, used 3092K [0x04a00000, 0x074c0000, 0x0f4a0000)
  eden space 35072K,   0% used [0x04a00000, 0x04a00000, 0x06c40000)
  from space 4352K,  71% used [0x06c40000, 0x06f452a0, 0x07080000)
  to   space 4352K,   0% used [0x07080000, 0x07080000, 0x074c0000)
 tenured generation   total 87424K, used 51159K [0x0f4a0000, 0x14a00000, 0x24a00000)
   the space 87424K,  58% used [0x0f4a0000, 0x12695ea8, 0x12696000, 0x14a00000)
 Metaspace       used 18878K, capacity 19374K, committed 19456K, reserved 19840K
}

